2017-10-28 1:20:02 - PHP Warning:  mysqli::__construct(): (HY000/2002): No connection could be made because the target machine actively refused it.
 in E:\magento\magento2\htdocs\opencart23\tt_faribe\system\library\db\mysqli.php on line 7
2017-10-28 1:20:02 - PHP Warning:  DB\MySQLi::__construct(): Couldn't fetch mysqli in E:\magento\magento2\htdocs\opencart23\tt_faribe\system\library\db\mysqli.php on line 10
2017-10-28 1:20:02 - PHP Warning:  DB\MySQLi::__construct(): Couldn't fetch mysqli in E:\magento\magento2\htdocs\opencart23\tt_faribe\system\library\db\mysqli.php on line 10
2017-10-28 15:56:59 - PHP Notice:  Undefined index: product_id in E:\magento\magento2\htdocs\opencart23\tt_faribe\catalog\controller\extension\module\ocproduct.php on line 202
2017-10-28 15:56:59 - PHP Notice:  Undefined index: description in E:\magento\magento2\htdocs\opencart23\tt_faribe\catalog\controller\extension\module\ocproduct.php on line 205
2017-10-28 15:56:59 - PHP Notice:  Undefined index: product_id in E:\magento\magento2\htdocs\opencart23\tt_faribe\catalog\controller\extension\module\ocproduct.php on line 210
2017-10-28 15:56:59 - PHP Notice:  Undefined index: manufacturer in E:\magento\magento2\htdocs\opencart23\tt_faribe\catalog\controller\extension\module\ocproduct.php on line 214
2017-10-28 15:56:59 - PHP Notice:  Undefined index: manufacturer_id in E:\magento\magento2\htdocs\opencart23\tt_faribe\catalog\controller\extension\module\ocproduct.php on line 215
2017-10-28 15:56:59 - PHP Notice:  Undefined index: product_id in E:\magento\magento2\htdocs\opencart23\tt_faribe\catalog\controller\extension\module\ocproduct.php on line 202
2017-10-28 15:56:59 - PHP Notice:  Undefined index: description in E:\magento\magento2\htdocs\opencart23\tt_faribe\catalog\controller\extension\module\ocproduct.php on line 205
2017-10-28 15:56:59 - PHP Notice:  Undefined index: product_id in E:\magento\magento2\htdocs\opencart23\tt_faribe\catalog\controller\extension\module\ocproduct.php on line 210
2017-10-28 15:56:59 - PHP Notice:  Undefined index: manufacturer in E:\magento\magento2\htdocs\opencart23\tt_faribe\catalog\controller\extension\module\ocproduct.php on line 214
2017-10-28 15:56:59 - PHP Notice:  Undefined index: manufacturer_id in E:\magento\magento2\htdocs\opencart23\tt_faribe\catalog\controller\extension\module\ocproduct.php on line 215
2017-10-28 15:56:59 - PHP Notice:  Undefined index: product_id in E:\magento\magento2\htdocs\opencart23\tt_faribe\catalog\controller\extension\module\ocproduct.php on line 202
2017-10-28 15:56:59 - PHP Notice:  Undefined index: description in E:\magento\magento2\htdocs\opencart23\tt_faribe\catalog\controller\extension\module\ocproduct.php on line 205
2017-10-28 15:56:59 - PHP Notice:  Undefined index: product_id in E:\magento\magento2\htdocs\opencart23\tt_faribe\catalog\controller\extension\module\ocproduct.php on line 210
2017-10-28 15:56:59 - PHP Notice:  Undefined index: manufacturer in E:\magento\magento2\htdocs\opencart23\tt_faribe\catalog\controller\extension\module\ocproduct.php on line 214
2017-10-28 15:56:59 - PHP Notice:  Undefined index: manufacturer_id in E:\magento\magento2\htdocs\opencart23\tt_faribe\catalog\controller\extension\module\ocproduct.php on line 215
2017-10-28 15:56:59 - PHP Notice:  Undefined index: product_id in E:\magento\magento2\htdocs\opencart23\tt_faribe\catalog\controller\extension\module\ocproduct.php on line 202
2017-10-28 15:56:59 - PHP Notice:  Undefined index: description in E:\magento\magento2\htdocs\opencart23\tt_faribe\catalog\controller\extension\module\ocproduct.php on line 205
2017-10-28 15:56:59 - PHP Notice:  Undefined index: product_id in E:\magento\magento2\htdocs\opencart23\tt_faribe\catalog\controller\extension\module\ocproduct.php on line 210
2017-10-28 15:56:59 - PHP Notice:  Undefined index: manufacturer in E:\magento\magento2\htdocs\opencart23\tt_faribe\catalog\controller\extension\module\ocproduct.php on line 214
2017-10-28 15:56:59 - PHP Notice:  Undefined index: manufacturer_id in E:\magento\magento2\htdocs\opencart23\tt_faribe\catalog\controller\extension\module\ocproduct.php on line 215
2017-10-28 15:56:59 - PHP Notice:  Undefined index: product_id in E:\magento\magento2\htdocs\opencart23\tt_faribe\catalog\controller\extension\module\octabproducts.php on line 197
2017-10-28 15:56:59 - PHP Notice:  Undefined index: description in E:\magento\magento2\htdocs\opencart23\tt_faribe\catalog\controller\extension\module\octabproducts.php on line 200
2017-10-28 15:56:59 - PHP Notice:  Undefined index: product_id in E:\magento\magento2\htdocs\opencart23\tt_faribe\catalog\controller\extension\module\octabproducts.php on line 205
2017-10-28 15:56:59 - PHP Notice:  Undefined index: manufacturer in E:\magento\magento2\htdocs\opencart23\tt_faribe\catalog\controller\extension\module\octabproducts.php on line 209
2017-10-28 15:56:59 - PHP Notice:  Undefined index: manufacturer_id in E:\magento\magento2\htdocs\opencart23\tt_faribe\catalog\controller\extension\module\octabproducts.php on line 210
2017-10-28 15:56:59 - PHP Notice:  Undefined index: product_id in E:\magento\magento2\htdocs\opencart23\tt_faribe\catalog\controller\extension\module\octabproducts.php on line 197
2017-10-28 15:56:59 - PHP Notice:  Undefined index: description in E:\magento\magento2\htdocs\opencart23\tt_faribe\catalog\controller\extension\module\octabproducts.php on line 200
2017-10-28 15:56:59 - PHP Notice:  Undefined index: product_id in E:\magento\magento2\htdocs\opencart23\tt_faribe\catalog\controller\extension\module\octabproducts.php on line 205
2017-10-28 15:56:59 - PHP Notice:  Undefined index: manufacturer in E:\magento\magento2\htdocs\opencart23\tt_faribe\catalog\controller\extension\module\octabproducts.php on line 209
2017-10-28 15:56:59 - PHP Notice:  Undefined index: manufacturer_id in E:\magento\magento2\htdocs\opencart23\tt_faribe\catalog\controller\extension\module\octabproducts.php on line 210
2017-10-28 15:56:59 - PHP Notice:  Undefined index: product_id in E:\magento\magento2\htdocs\opencart23\tt_faribe\catalog\controller\extension\module\octabproducts.php on line 197
2017-10-28 15:56:59 - PHP Notice:  Undefined index: description in E:\magento\magento2\htdocs\opencart23\tt_faribe\catalog\controller\extension\module\octabproducts.php on line 200
2017-10-28 15:56:59 - PHP Notice:  Undefined index: product_id in E:\magento\magento2\htdocs\opencart23\tt_faribe\catalog\controller\extension\module\octabproducts.php on line 205
2017-10-28 15:56:59 - PHP Notice:  Undefined index: manufacturer in E:\magento\magento2\htdocs\opencart23\tt_faribe\catalog\controller\extension\module\octabproducts.php on line 209
2017-10-28 15:56:59 - PHP Notice:  Undefined index: manufacturer_id in E:\magento\magento2\htdocs\opencart23\tt_faribe\catalog\controller\extension\module\octabproducts.php on line 210
2017-10-28 15:56:59 - PHP Notice:  Undefined index: product_id in E:\magento\magento2\htdocs\opencart23\tt_faribe\catalog\controller\extension\module\octabproducts.php on line 197
2017-10-28 15:56:59 - PHP Notice:  Undefined index: description in E:\magento\magento2\htdocs\opencart23\tt_faribe\catalog\controller\extension\module\octabproducts.php on line 200
2017-10-28 15:56:59 - PHP Notice:  Undefined index: product_id in E:\magento\magento2\htdocs\opencart23\tt_faribe\catalog\controller\extension\module\octabproducts.php on line 205
2017-10-28 15:56:59 - PHP Notice:  Undefined index: manufacturer in E:\magento\magento2\htdocs\opencart23\tt_faribe\catalog\controller\extension\module\octabproducts.php on line 209
2017-10-28 15:56:59 - PHP Notice:  Undefined index: manufacturer_id in E:\magento\magento2\htdocs\opencart23\tt_faribe\catalog\controller\extension\module\octabproducts.php on line 210
2017-10-28 15:56:59 - PHP Notice:  Undefined index: product_id in E:\magento\magento2\htdocs\opencart23\tt_faribe\catalog\controller\extension\module\octabproducts.php on line 197
2017-10-28 15:56:59 - PHP Notice:  Undefined index: description in E:\magento\magento2\htdocs\opencart23\tt_faribe\catalog\controller\extension\module\octabproducts.php on line 200
2017-10-28 15:56:59 - PHP Notice:  Undefined index: product_id in E:\magento\magento2\htdocs\opencart23\tt_faribe\catalog\controller\extension\module\octabproducts.php on line 205
2017-10-28 15:56:59 - PHP Notice:  Undefined index: manufacturer in E:\magento\magento2\htdocs\opencart23\tt_faribe\catalog\controller\extension\module\octabproducts.php on line 209
2017-10-28 15:56:59 - PHP Notice:  Undefined index: manufacturer_id in E:\magento\magento2\htdocs\opencart23\tt_faribe\catalog\controller\extension\module\octabproducts.php on line 210
2017-10-28 15:56:59 - PHP Notice:  Undefined index: product_id in E:\magento\magento2\htdocs\opencart23\tt_faribe\catalog\controller\extension\module\octabproducts.php on line 197
2017-10-28 15:56:59 - PHP Notice:  Undefined index: description in E:\magento\magento2\htdocs\opencart23\tt_faribe\catalog\controller\extension\module\octabproducts.php on line 200
2017-10-28 15:56:59 - PHP Notice:  Undefined index: product_id in E:\magento\magento2\htdocs\opencart23\tt_faribe\catalog\controller\extension\module\octabproducts.php on line 205
2017-10-28 15:56:59 - PHP Notice:  Undefined index: manufacturer in E:\magento\magento2\htdocs\opencart23\tt_faribe\catalog\controller\extension\module\octabproducts.php on line 209
2017-10-28 15:56:59 - PHP Notice:  Undefined index: manufacturer_id in E:\magento\magento2\htdocs\opencart23\tt_faribe\catalog\controller\extension\module\octabproducts.php on line 210
2017-10-28 15:56:59 - PHP Notice:  Undefined index: product_id in E:\magento\magento2\htdocs\opencart23\tt_faribe\catalog\controller\extension\module\octabproducts.php on line 197
2017-10-28 15:56:59 - PHP Notice:  Undefined index: description in E:\magento\magento2\htdocs\opencart23\tt_faribe\catalog\controller\extension\module\octabproducts.php on line 200
2017-10-28 15:56:59 - PHP Notice:  Undefined index: product_id in E:\magento\magento2\htdocs\opencart23\tt_faribe\catalog\controller\extension\module\octabproducts.php on line 205
2017-10-28 15:56:59 - PHP Notice:  Undefined index: manufacturer in E:\magento\magento2\htdocs\opencart23\tt_faribe\catalog\controller\extension\module\octabproducts.php on line 209
2017-10-28 15:56:59 - PHP Notice:  Undefined index: manufacturer_id in E:\magento\magento2\htdocs\opencart23\tt_faribe\catalog\controller\extension\module\octabproducts.php on line 210
2017-10-28 15:56:59 - PHP Notice:  Undefined index: product_id in E:\magento\magento2\htdocs\opencart23\tt_faribe\catalog\controller\extension\module\octabproducts.php on line 197
2017-10-28 15:56:59 - PHP Notice:  Undefined index: description in E:\magento\magento2\htdocs\opencart23\tt_faribe\catalog\controller\extension\module\octabproducts.php on line 200
2017-10-28 15:56:59 - PHP Notice:  Undefined index: product_id in E:\magento\magento2\htdocs\opencart23\tt_faribe\catalog\controller\extension\module\octabproducts.php on line 205
2017-10-28 15:56:59 - PHP Notice:  Undefined index: manufacturer in E:\magento\magento2\htdocs\opencart23\tt_faribe\catalog\controller\extension\module\octabproducts.php on line 209
2017-10-28 15:56:59 - PHP Notice:  Undefined index: manufacturer_id in E:\magento\magento2\htdocs\opencart23\tt_faribe\catalog\controller\extension\module\octabproducts.php on line 210
2017-10-28 15:56:59 - PHP Notice:  Undefined index: product_id in E:\magento\magento2\htdocs\opencart23\tt_faribe\catalog\controller\extension\module\octabproducts.php on line 197
2017-10-28 15:56:59 - PHP Notice:  Undefined index: description in E:\magento\magento2\htdocs\opencart23\tt_faribe\catalog\controller\extension\module\octabproducts.php on line 200
2017-10-28 15:56:59 - PHP Notice:  Undefined index: product_id in E:\magento\magento2\htdocs\opencart23\tt_faribe\catalog\controller\extension\module\octabproducts.php on line 205
2017-10-28 15:56:59 - PHP Notice:  Undefined index: manufacturer in E:\magento\magento2\htdocs\opencart23\tt_faribe\catalog\controller\extension\module\octabproducts.php on line 209
2017-10-28 15:56:59 - PHP Notice:  Undefined index: manufacturer_id in E:\magento\magento2\htdocs\opencart23\tt_faribe\catalog\controller\extension\module\octabproducts.php on line 210
2017-10-28 15:56:59 - PHP Notice:  Undefined index: product_id in E:\magento\magento2\htdocs\opencart23\tt_faribe\catalog\controller\extension\module\octabproducts.php on line 197
2017-10-28 15:56:59 - PHP Notice:  Undefined index: description in E:\magento\magento2\htdocs\opencart23\tt_faribe\catalog\controller\extension\module\octabproducts.php on line 200
2017-10-28 15:56:59 - PHP Notice:  Undefined index: product_id in E:\magento\magento2\htdocs\opencart23\tt_faribe\catalog\controller\extension\module\octabproducts.php on line 205
2017-10-28 15:56:59 - PHP Notice:  Undefined index: manufacturer in E:\magento\magento2\htdocs\opencart23\tt_faribe\catalog\controller\extension\module\octabproducts.php on line 209
2017-10-28 15:56:59 - PHP Notice:  Undefined index: manufacturer_id in E:\magento\magento2\htdocs\opencart23\tt_faribe\catalog\controller\extension\module\octabproducts.php on line 210
2017-10-28 15:56:59 - PHP Notice:  Undefined index: product_id in E:\magento\magento2\htdocs\opencart23\tt_faribe\catalog\controller\extension\module\octabproducts.php on line 197
2017-10-28 15:56:59 - PHP Notice:  Undefined index: description in E:\magento\magento2\htdocs\opencart23\tt_faribe\catalog\controller\extension\module\octabproducts.php on line 200
2017-10-28 15:56:59 - PHP Notice:  Undefined index: product_id in E:\magento\magento2\htdocs\opencart23\tt_faribe\catalog\controller\extension\module\octabproducts.php on line 205
2017-10-28 15:56:59 - PHP Notice:  Undefined index: manufacturer in E:\magento\magento2\htdocs\opencart23\tt_faribe\catalog\controller\extension\module\octabproducts.php on line 209
2017-10-28 15:56:59 - PHP Notice:  Undefined index: manufacturer_id in E:\magento\magento2\htdocs\opencart23\tt_faribe\catalog\controller\extension\module\octabproducts.php on line 210
2017-10-28 15:56:59 - PHP Notice:  Undefined index: product_id in E:\magento\magento2\htdocs\opencart23\tt_faribe\catalog\controller\extension\module\octabproducts.php on line 197
2017-10-28 15:56:59 - PHP Notice:  Undefined index: description in E:\magento\magento2\htdocs\opencart23\tt_faribe\catalog\controller\extension\module\octabproducts.php on line 200
2017-10-28 15:56:59 - PHP Notice:  Undefined index: product_id in E:\magento\magento2\htdocs\opencart23\tt_faribe\catalog\controller\extension\module\octabproducts.php on line 205
2017-10-28 15:56:59 - PHP Notice:  Undefined index: manufacturer in E:\magento\magento2\htdocs\opencart23\tt_faribe\catalog\controller\extension\module\octabproducts.php on line 209
2017-10-28 15:56:59 - PHP Notice:  Undefined index: manufacturer_id in E:\magento\magento2\htdocs\opencart23\tt_faribe\catalog\controller\extension\module\octabproducts.php on line 210
2017-10-28 15:56:59 - PHP Notice:  Undefined index: product_id in E:\magento\magento2\htdocs\opencart23\tt_faribe\catalog\controller\extension\module\octabproducts.php on line 197
2017-10-28 15:56:59 - PHP Notice:  Undefined index: description in E:\magento\magento2\htdocs\opencart23\tt_faribe\catalog\controller\extension\module\octabproducts.php on line 200
2017-10-28 15:56:59 - PHP Notice:  Undefined index: product_id in E:\magento\magento2\htdocs\opencart23\tt_faribe\catalog\controller\extension\module\octabproducts.php on line 205
2017-10-28 15:56:59 - PHP Notice:  Undefined index: manufacturer in E:\magento\magento2\htdocs\opencart23\tt_faribe\catalog\controller\extension\module\octabproducts.php on line 209
2017-10-28 15:56:59 - PHP Notice:  Undefined index: manufacturer_id in E:\magento\magento2\htdocs\opencart23\tt_faribe\catalog\controller\extension\module\octabproducts.php on line 210
2017-10-28 15:56:59 - PHP Notice:  Undefined index: product_id in E:\magento\magento2\htdocs\opencart23\tt_faribe\catalog\controller\extension\module\octabproducts.php on line 197
2017-10-28 15:56:59 - PHP Notice:  Undefined index: description in E:\magento\magento2\htdocs\opencart23\tt_faribe\catalog\controller\extension\module\octabproducts.php on line 200
2017-10-28 15:56:59 - PHP Notice:  Undefined index: product_id in E:\magento\magento2\htdocs\opencart23\tt_faribe\catalog\controller\extension\module\octabproducts.php on line 205
2017-10-28 15:56:59 - PHP Notice:  Undefined index: manufacturer in E:\magento\magento2\htdocs\opencart23\tt_faribe\catalog\controller\extension\module\octabproducts.php on line 209
2017-10-28 15:56:59 - PHP Notice:  Undefined index: manufacturer_id in E:\magento\magento2\htdocs\opencart23\tt_faribe\catalog\controller\extension\module\octabproducts.php on line 210
2017-10-28 15:56:59 - PHP Notice:  Undefined index: product_id in E:\magento\magento2\htdocs\opencart23\tt_faribe\catalog\controller\extension\module\octabproducts.php on line 197
2017-10-28 15:56:59 - PHP Notice:  Undefined index: description in E:\magento\magento2\htdocs\opencart23\tt_faribe\catalog\controller\extension\module\octabproducts.php on line 200
2017-10-28 15:56:59 - PHP Notice:  Undefined index: product_id in E:\magento\magento2\htdocs\opencart23\tt_faribe\catalog\controller\extension\module\octabproducts.php on line 205
2017-10-28 15:56:59 - PHP Notice:  Undefined index: manufacturer in E:\magento\magento2\htdocs\opencart23\tt_faribe\catalog\controller\extension\module\octabproducts.php on line 209
2017-10-28 15:56:59 - PHP Notice:  Undefined index: manufacturer_id in E:\magento\magento2\htdocs\opencart23\tt_faribe\catalog\controller\extension\module\octabproducts.php on line 210
2017-10-28 15:56:59 - PHP Notice:  Undefined index: product_id in E:\magento\magento2\htdocs\opencart23\tt_faribe\catalog\controller\extension\module\octabproducts.php on line 197
2017-10-28 15:56:59 - PHP Notice:  Undefined index: description in E:\magento\magento2\htdocs\opencart23\tt_faribe\catalog\controller\extension\module\octabproducts.php on line 200
2017-10-28 15:56:59 - PHP Notice:  Undefined index: product_id in E:\magento\magento2\htdocs\opencart23\tt_faribe\catalog\controller\extension\module\octabproducts.php on line 205
2017-10-28 15:56:59 - PHP Notice:  Undefined index: manufacturer in E:\magento\magento2\htdocs\opencart23\tt_faribe\catalog\controller\extension\module\octabproducts.php on line 209
2017-10-28 15:56:59 - PHP Notice:  Undefined index: manufacturer_id in E:\magento\magento2\htdocs\opencart23\tt_faribe\catalog\controller\extension\module\octabproducts.php on line 210
2017-10-31 1:58:53 - PHP Warning:  mysqli::__construct(): (HY000/2002): No connection could be made because the target machine actively refused it.
 in E:\magento\magento2\htdocs\opencart23\tt_faribe\system\library\db\mysqli.php on line 7
2017-10-31 1:58:53 - PHP Warning:  DB\MySQLi::__construct(): Couldn't fetch mysqli in E:\magento\magento2\htdocs\opencart23\tt_faribe\system\library\db\mysqli.php on line 10
2017-10-31 1:58:53 - PHP Warning:  DB\MySQLi::__construct(): Couldn't fetch mysqli in E:\magento\magento2\htdocs\opencart23\tt_faribe\system\library\db\mysqli.php on line 10
2017-10-31 1:58:58 - PHP Warning:  mysqli::__construct(): (HY000/2002): No connection could be made because the target machine actively refused it.
 in E:\magento\magento2\htdocs\opencart23\tt_faribe\system\library\db\mysqli.php on line 7
2017-10-31 1:58:58 - PHP Warning:  DB\MySQLi::__construct(): Couldn't fetch mysqli in E:\magento\magento2\htdocs\opencart23\tt_faribe\system\library\db\mysqli.php on line 10
2017-10-31 1:58:58 - PHP Warning:  DB\MySQLi::__construct(): Couldn't fetch mysqli in E:\magento\magento2\htdocs\opencart23\tt_faribe\system\library\db\mysqli.php on line 10
2017-10-31 1:59:22 - PHP Warning:  mysqli::__construct(): (HY000/2002): No connection could be made because the target machine actively refused it.
 in E:\magento\magento2\htdocs\opencart23\tt_faribe\system\library\db\mysqli.php on line 7
2017-10-31 1:59:22 - PHP Warning:  DB\MySQLi::__construct(): Couldn't fetch mysqli in E:\magento\magento2\htdocs\opencart23\tt_faribe\system\library\db\mysqli.php on line 10
2017-10-31 1:59:22 - PHP Warning:  DB\MySQLi::__construct(): Couldn't fetch mysqli in E:\magento\magento2\htdocs\opencart23\tt_faribe\system\library\db\mysqli.php on line 10
2017-10-31 2:57:38 - PHP Notice:  Undefined index: image in E:\magento\magento2\htdocs\opencart23\tt_faribe\admin\controller\extension\module\octabproducts.php on line 160
2017-10-31 2:57:38 - PHP Notice:  Undefined index: image in E:\magento\magento2\htdocs\opencart23\tt_faribe\admin\controller\extension\module\octabproducts.php on line 160
2017-10-31 2:57:38 - PHP Notice:  Undefined index: image in E:\magento\magento2\htdocs\opencart23\tt_faribe\admin\controller\extension\module\octabproducts.php on line 160
2017-10-31 2:57:38 - PHP Notice:  Undefined index: image in E:\magento\magento2\htdocs\opencart23\tt_faribe\admin\controller\extension\module\octabproducts.php on line 160
2017-10-31 2:57:38 - PHP Notice:  Undefined index: image in E:\magento\magento2\htdocs\opencart23\tt_faribe\admin\controller\extension\module\octabproducts.php on line 160
2017-10-31 2:57:38 - PHP Notice:  Undefined index: image in E:\magento\magento2\htdocs\opencart23\tt_faribe\admin\controller\extension\module\octabproducts.php on line 160
2017-10-31 2:57:38 - PHP Notice:  Undefined index: image in E:\magento\magento2\htdocs\opencart23\tt_faribe\admin\controller\extension\module\octabproducts.php on line 160
2017-10-31 2:57:38 - PHP Notice:  Undefined index: image in E:\magento\magento2\htdocs\opencart23\tt_faribe\admin\controller\extension\module\octabproducts.php on line 160
2017-10-31 2:57:38 - PHP Notice:  Undefined index: image in E:\magento\magento2\htdocs\opencart23\tt_faribe\admin\controller\extension\module\octabproducts.php on line 160
2017-10-31 2:57:38 - PHP Notice:  Undefined index: image in E:\magento\magento2\htdocs\opencart23\tt_faribe\admin\controller\extension\module\octabproducts.php on line 160
2017-10-31 2:57:38 - PHP Notice:  Undefined index: image in E:\magento\magento2\htdocs\opencart23\tt_faribe\admin\controller\extension\module\octabproducts.php on line 160
2017-10-31 2:57:38 - PHP Notice:  Undefined index: image in E:\magento\magento2\htdocs\opencart23\tt_faribe\admin\controller\extension\module\octabproducts.php on line 160
2017-10-31 2:57:38 - PHP Notice:  Undefined index: image in E:\magento\magento2\htdocs\opencart23\tt_faribe\admin\controller\extension\module\octabproducts.php on line 160
2017-10-31 2:57:38 - PHP Notice:  Undefined index: image in E:\magento\magento2\htdocs\opencart23\tt_faribe\admin\controller\extension\module\octabproducts.php on line 160
2017-10-31 2:57:38 - PHP Notice:  Undefined index: image in E:\magento\magento2\htdocs\opencart23\tt_faribe\admin\controller\extension\module\octabproducts.php on line 160
2017-10-31 2:57:38 - PHP Notice:  Undefined index: image in E:\magento\magento2\htdocs\opencart23\tt_faribe\admin\controller\extension\module\octabproducts.php on line 160
2017-10-31 2:57:48 - PHP Notice:  Undefined index: image in E:\magento\magento2\htdocs\opencart23\tt_faribe\admin\controller\extension\module\octabproducts.php on line 160
2017-10-31 2:57:48 - PHP Notice:  Undefined index: image in E:\magento\magento2\htdocs\opencart23\tt_faribe\admin\controller\extension\module\octabproducts.php on line 160
2017-10-31 2:57:48 - PHP Notice:  Undefined index: image in E:\magento\magento2\htdocs\opencart23\tt_faribe\admin\controller\extension\module\octabproducts.php on line 160
2017-10-31 2:57:48 - PHP Notice:  Undefined index: image in E:\magento\magento2\htdocs\opencart23\tt_faribe\admin\controller\extension\module\octabproducts.php on line 160
2017-10-31 2:57:48 - PHP Notice:  Undefined index: image in E:\magento\magento2\htdocs\opencart23\tt_faribe\admin\controller\extension\module\octabproducts.php on line 160
2017-10-31 2:57:48 - PHP Notice:  Undefined index: image in E:\magento\magento2\htdocs\opencart23\tt_faribe\admin\controller\extension\module\octabproducts.php on line 160
2017-10-31 2:57:48 - PHP Notice:  Undefined index: image in E:\magento\magento2\htdocs\opencart23\tt_faribe\admin\controller\extension\module\octabproducts.php on line 160
2017-10-31 2:57:48 - PHP Notice:  Undefined index: image in E:\magento\magento2\htdocs\opencart23\tt_faribe\admin\controller\extension\module\octabproducts.php on line 160
2017-10-31 2:57:48 - PHP Notice:  Undefined index: image in E:\magento\magento2\htdocs\opencart23\tt_faribe\admin\controller\extension\module\octabproducts.php on line 160
2017-10-31 2:57:48 - PHP Notice:  Undefined index: image in E:\magento\magento2\htdocs\opencart23\tt_faribe\admin\controller\extension\module\octabproducts.php on line 160
2017-10-31 2:57:48 - PHP Notice:  Undefined index: image in E:\magento\magento2\htdocs\opencart23\tt_faribe\admin\controller\extension\module\octabproducts.php on line 160
2017-10-31 2:57:48 - PHP Notice:  Undefined index: image in E:\magento\magento2\htdocs\opencart23\tt_faribe\admin\controller\extension\module\octabproducts.php on line 160
2017-10-31 2:57:48 - PHP Notice:  Undefined index: image in E:\magento\magento2\htdocs\opencart23\tt_faribe\admin\controller\extension\module\octabproducts.php on line 160
2017-10-31 2:57:48 - PHP Notice:  Undefined index: image in E:\magento\magento2\htdocs\opencart23\tt_faribe\admin\controller\extension\module\octabproducts.php on line 160
2017-10-31 2:57:48 - PHP Notice:  Undefined index: image in E:\magento\magento2\htdocs\opencart23\tt_faribe\admin\controller\extension\module\octabproducts.php on line 160
2017-10-31 2:57:48 - PHP Notice:  Undefined index: image in E:\magento\magento2\htdocs\opencart23\tt_faribe\admin\controller\extension\module\octabproducts.php on line 160
2017-10-31 4:11:25 - PHP Notice:  Undefined index: class in E:\magento\magento2\htdocs\opencart23\tt_faribe\admin\controller\extension\module\octabproducts.php on line 115
2017-11-07 7:09:02 - PHP Warning:  mysqli::__construct(): (HY000/2002): No connection could be made because the target machine actively refused it.
 in E:\magento\magento2\htdocs\opencart23\tt_faribe\system\library\db\mysqli.php on line 7
2017-11-07 7:09:02 - PHP Warning:  DB\MySQLi::__construct(): Couldn't fetch mysqli in E:\magento\magento2\htdocs\opencart23\tt_faribe\system\library\db\mysqli.php on line 10
2017-11-07 7:09:02 - PHP Warning:  DB\MySQLi::__construct(): Couldn't fetch mysqli in E:\magento\magento2\htdocs\opencart23\tt_faribe\system\library\db\mysqli.php on line 10
2017-11-07 7:09:09 - PHP Warning:  mysqli::__construct(): (HY000/2002): No connection could be made because the target machine actively refused it.
 in E:\magento\magento2\htdocs\opencart23\tt_faribe\system\library\db\mysqli.php on line 7
2017-11-07 7:09:09 - PHP Warning:  DB\MySQLi::__construct(): Couldn't fetch mysqli in E:\magento\magento2\htdocs\opencart23\tt_faribe\system\library\db\mysqli.php on line 10
2017-11-07 7:09:09 - PHP Warning:  DB\MySQLi::__construct(): Couldn't fetch mysqli in E:\magento\magento2\htdocs\opencart23\tt_faribe\system\library\db\mysqli.php on line 10
2017-11-07 7:09:22 - PHP Warning:  mysqli::__construct(): (HY000/2002): No connection could be made because the target machine actively refused it.
 in E:\magento\magento2\htdocs\opencart23\tt_faribe\system\library\db\mysqli.php on line 7
2017-11-07 7:09:22 - PHP Warning:  DB\MySQLi::__construct(): Couldn't fetch mysqli in E:\magento\magento2\htdocs\opencart23\tt_faribe\system\library\db\mysqli.php on line 10
2017-11-07 7:09:22 - PHP Warning:  DB\MySQLi::__construct(): Couldn't fetch mysqli in E:\magento\magento2\htdocs\opencart23\tt_faribe\system\library\db\mysqli.php on line 10
2017-11-07 7:09:27 - PHP Warning:  mysqli::__construct(): (HY000/2002): No connection could be made because the target machine actively refused it.
 in E:\magento\magento2\htdocs\opencart23\tt_faribe\system\library\db\mysqli.php on line 7
2017-11-07 7:09:27 - PHP Warning:  DB\MySQLi::__construct(): Couldn't fetch mysqli in E:\magento\magento2\htdocs\opencart23\tt_faribe\system\library\db\mysqli.php on line 10
2017-11-07 7:09:27 - PHP Warning:  DB\MySQLi::__construct(): Couldn't fetch mysqli in E:\magento\magento2\htdocs\opencart23\tt_faribe\system\library\db\mysqli.php on line 10
2017-11-07 7:09:30 - PHP Warning:  mysqli::__construct(): (HY000/2002): No connection could be made because the target machine actively refused it.
 in E:\magento\magento2\htdocs\opencart23\tt_faribe\system\library\db\mysqli.php on line 7
2017-11-07 7:09:30 - PHP Warning:  DB\MySQLi::__construct(): Couldn't fetch mysqli in E:\magento\magento2\htdocs\opencart23\tt_faribe\system\library\db\mysqli.php on line 10
2017-11-07 7:09:30 - PHP Warning:  DB\MySQLi::__construct(): Couldn't fetch mysqli in E:\magento\magento2\htdocs\opencart23\tt_faribe\system\library\db\mysqli.php on line 10
2017-11-07 7:09:38 - PHP Warning:  mysqli::__construct(): (HY000/2002): No connection could be made because the target machine actively refused it.
 in E:\magento\magento2\htdocs\opencart23\tt_faribe\system\library\db\mysqli.php on line 7
2017-11-07 7:09:38 - PHP Warning:  DB\MySQLi::__construct(): Couldn't fetch mysqli in E:\magento\magento2\htdocs\opencart23\tt_faribe\system\library\db\mysqli.php on line 10
2017-11-07 7:09:38 - PHP Warning:  DB\MySQLi::__construct(): Couldn't fetch mysqli in E:\magento\magento2\htdocs\opencart23\tt_faribe\system\library\db\mysqli.php on line 10
2017-11-08 14:51:58 - PHP Warning:  mysqli::__construct(): (HY000/2002): No connection could be made because the target machine actively refused it.
 in E:\magento\magento2\htdocs\opencart23\tt_faribe\system\library\db\mysqli.php on line 7
2017-11-08 14:51:58 - PHP Warning:  DB\MySQLi::__construct(): Couldn't fetch mysqli in E:\magento\magento2\htdocs\opencart23\tt_faribe\system\library\db\mysqli.php on line 10
2017-11-08 14:51:58 - PHP Warning:  DB\MySQLi::__construct(): Couldn't fetch mysqli in E:\magento\magento2\htdocs\opencart23\tt_faribe\system\library\db\mysqli.php on line 10
2017-11-08 14:52:18 - PHP Warning:  mysqli::__construct(): (HY000/2002): No connection could be made because the target machine actively refused it.
 in E:\magento\magento2\htdocs\opencart23\tt_faribe\system\library\db\mysqli.php on line 7
2017-11-08 14:52:18 - PHP Warning:  DB\MySQLi::__construct(): Couldn't fetch mysqli in E:\magento\magento2\htdocs\opencart23\tt_faribe\system\library\db\mysqli.php on line 10
2017-11-08 14:52:18 - PHP Warning:  DB\MySQLi::__construct(): Couldn't fetch mysqli in E:\magento\magento2\htdocs\opencart23\tt_faribe\system\library\db\mysqli.php on line 10
2017-11-14 14:37:30 - PHP Warning:  mysqli::__construct(): (HY000/2002): No connection could be made because the target machine actively refused it.
 in E:\magento\magento2\htdocs\opencart23\tt_faribe\system\library\db\mysqli.php on line 7
2017-11-14 14:37:30 - PHP Warning:  DB\MySQLi::__construct(): Couldn't fetch mysqli in E:\magento\magento2\htdocs\opencart23\tt_faribe\system\library\db\mysqli.php on line 10
2017-11-14 14:37:30 - PHP Warning:  DB\MySQLi::__construct(): Couldn't fetch mysqli in E:\magento\magento2\htdocs\opencart23\tt_faribe\system\library\db\mysqli.php on line 10
2017-11-14 14:37:35 - PHP Warning:  mysqli::__construct(): (HY000/2002): No connection could be made because the target machine actively refused it.
 in E:\magento\magento2\htdocs\opencart23\tt_faribe\system\library\db\mysqli.php on line 7
2017-11-14 14:37:35 - PHP Warning:  DB\MySQLi::__construct(): Couldn't fetch mysqli in E:\magento\magento2\htdocs\opencart23\tt_faribe\system\library\db\mysqli.php on line 10
2017-11-14 14:37:35 - PHP Warning:  DB\MySQLi::__construct(): Couldn't fetch mysqli in E:\magento\magento2\htdocs\opencart23\tt_faribe\system\library\db\mysqli.php on line 10
2017-11-15 1:42:43 - PHP Warning:  mysqli::__construct(): (HY000/2002): No connection could be made because the target machine actively refused it.
 in E:\magento\magento2\htdocs\opencart23\tt_faribe\system\library\db\mysqli.php on line 7
2017-11-15 1:42:43 - PHP Warning:  DB\MySQLi::__construct(): Couldn't fetch mysqli in E:\magento\magento2\htdocs\opencart23\tt_faribe\system\library\db\mysqli.php on line 10
2017-11-15 1:42:43 - PHP Warning:  DB\MySQLi::__construct(): Couldn't fetch mysqli in E:\magento\magento2\htdocs\opencart23\tt_faribe\system\library\db\mysqli.php on line 10
2017-11-15 1:42:48 - PHP Warning:  mysqli::__construct(): (HY000/2002): No connection could be made because the target machine actively refused it.
 in E:\magento\magento2\htdocs\opencart23\tt_faribe\system\library\db\mysqli.php on line 7
2017-11-15 1:42:48 - PHP Warning:  DB\MySQLi::__construct(): Couldn't fetch mysqli in E:\magento\magento2\htdocs\opencart23\tt_faribe\system\library\db\mysqli.php on line 10
2017-11-15 1:42:48 - PHP Warning:  DB\MySQLi::__construct(): Couldn't fetch mysqli in E:\magento\magento2\htdocs\opencart23\tt_faribe\system\library\db\mysqli.php on line 10
2017-11-15 1:42:56 - PHP Warning:  mysqli::__construct(): (HY000/2002): No connection could be made because the target machine actively refused it.
 in E:\magento\magento2\htdocs\opencart23\tt_faribe\system\library\db\mysqli.php on line 7
2017-11-15 1:42:56 - PHP Warning:  DB\MySQLi::__construct(): Couldn't fetch mysqli in E:\magento\magento2\htdocs\opencart23\tt_faribe\system\library\db\mysqli.php on line 10
2017-11-15 1:42:56 - PHP Warning:  DB\MySQLi::__construct(): Couldn't fetch mysqli in E:\magento\magento2\htdocs\opencart23\tt_faribe\system\library\db\mysqli.php on line 10
2017-11-15 1:43:03 - PHP Warning:  mysqli::__construct(): (HY000/2002): No connection could be made because the target machine actively refused it.
 in E:\magento\magento2\htdocs\opencart23\tt_faribe\system\library\db\mysqli.php on line 7
2017-11-15 1:43:03 - PHP Warning:  DB\MySQLi::__construct(): Couldn't fetch mysqli in E:\magento\magento2\htdocs\opencart23\tt_faribe\system\library\db\mysqli.php on line 10
2017-11-15 1:43:03 - PHP Warning:  DB\MySQLi::__construct(): Couldn't fetch mysqli in E:\magento\magento2\htdocs\opencart23\tt_faribe\system\library\db\mysqli.php on line 10
2017-11-15 1:43:03 - PHP Warning:  mysqli::__construct(): (HY000/2002): No connection could be made because the target machine actively refused it.
 in E:\magento\magento2\htdocs\opencart23\tt_faribe\system\library\db\mysqli.php on line 7
2017-11-15 1:43:03 - PHP Warning:  DB\MySQLi::__construct(): Couldn't fetch mysqli in E:\magento\magento2\htdocs\opencart23\tt_faribe\system\library\db\mysqli.php on line 10
2017-11-15 1:43:03 - PHP Warning:  DB\MySQLi::__construct(): Couldn't fetch mysqli in E:\magento\magento2\htdocs\opencart23\tt_faribe\system\library\db\mysqli.php on line 10
2017-11-16 4:18:17 - PHP Warning:  mail(): Failed to connect to mailserver at &quot;localhost&quot; port 25, verify your &quot;SMTP&quot; and &quot;smtp_port&quot; setting in php.ini or use ini_set() in E:\magento\magento2\htdocs\opencart23\tt_faribe\system\library\mail\mail.php on line 77
2017-11-18 14:48:45 - PHP Warning:  mysqli::__construct(): (HY000/2002): No connection could be made because the target machine actively refused it.
 in E:\magento\magento2\htdocs\opencart23\tt_faribe\system\library\db\mysqli.php on line 7
2017-11-18 14:48:45 - PHP Warning:  DB\MySQLi::__construct(): Couldn't fetch mysqli in E:\magento\magento2\htdocs\opencart23\tt_faribe\system\library\db\mysqli.php on line 10
2017-11-18 14:48:45 - PHP Warning:  DB\MySQLi::__construct(): Couldn't fetch mysqli in E:\magento\magento2\htdocs\opencart23\tt_faribe\system\library\db\mysqli.php on line 10
2017-11-20 14:35:20 - PHP Warning:  mysqli::__construct(): (HY000/2002): No connection could be made because the target machine actively refused it.
 in E:\magento\magento2\htdocs\opencart23\tt_faribe\system\library\db\mysqli.php on line 7
2017-11-20 14:35:20 - PHP Warning:  DB\MySQLi::__construct(): Couldn't fetch mysqli in E:\magento\magento2\htdocs\opencart23\tt_faribe\system\library\db\mysqli.php on line 10
2017-11-20 14:35:20 - PHP Warning:  DB\MySQLi::__construct(): Couldn't fetch mysqli in E:\magento\magento2\htdocs\opencart23\tt_faribe\system\library\db\mysqli.php on line 10
2017-11-21 1:13:39 - PHP Warning:  mysqli::__construct(): (HY000/2002): No connection could be made because the target machine actively refused it.
 in E:\magento\magento2\htdocs\opencart23\tt_faribe\system\library\db\mysqli.php on line 7
2017-11-21 1:13:39 - PHP Warning:  DB\MySQLi::__construct(): Couldn't fetch mysqli in E:\magento\magento2\htdocs\opencart23\tt_faribe\system\library\db\mysqli.php on line 10
2017-11-21 1:13:39 - PHP Warning:  DB\MySQLi::__construct(): Couldn't fetch mysqli in E:\magento\magento2\htdocs\opencart23\tt_faribe\system\library\db\mysqli.php on line 10
2017-11-21 1:13:49 - PHP Warning:  mysqli::__construct(): (HY000/2002): No connection could be made because the target machine actively refused it.
 in E:\magento\magento2\htdocs\opencart23\tt_faribe\system\library\db\mysqli.php on line 7
2017-11-21 1:13:49 - PHP Warning:  DB\MySQLi::__construct(): Couldn't fetch mysqli in E:\magento\magento2\htdocs\opencart23\tt_faribe\system\library\db\mysqli.php on line 10
2017-11-21 1:13:49 - PHP Warning:  DB\MySQLi::__construct(): Couldn't fetch mysqli in E:\magento\magento2\htdocs\opencart23\tt_faribe\system\library\db\mysqli.php on line 10
2017-11-22 1:37:15 - PHP Warning:  mysqli::__construct(): (HY000/2002): No connection could be made because the target machine actively refused it.
 in E:\magento\magento2\htdocs\opencart23\tt_faribe\system\library\db\mysqli.php on line 7
2017-11-22 1:37:15 - PHP Warning:  DB\MySQLi::__construct(): Couldn't fetch mysqli in E:\magento\magento2\htdocs\opencart23\tt_faribe\system\library\db\mysqli.php on line 10
2017-11-22 1:37:15 - PHP Warning:  DB\MySQLi::__construct(): Couldn't fetch mysqli in E:\magento\magento2\htdocs\opencart23\tt_faribe\system\library\db\mysqli.php on line 10
2017-11-22 7:32:13 - PHP Warning:  mail(): Failed to connect to mailserver at &quot;localhost&quot; port 25, verify your &quot;SMTP&quot; and &quot;smtp_port&quot; setting in php.ini or use ini_set() in E:\magento\magento2\htdocs\opencart23\tt_faribe\system\library\mail\mail.php on line 77
2017-11-22 7:32:14 - PHP Warning:  mail(): Failed to connect to mailserver at &quot;localhost&quot; port 25, verify your &quot;SMTP&quot; and &quot;smtp_port&quot; setting in php.ini or use ini_set() in E:\magento\magento2\htdocs\opencart23\tt_faribe\system\library\mail\mail.php on line 77
2017-11-22 7:32:36 - PHP Warning:  mail(): Failed to connect to mailserver at &quot;localhost&quot; port 25, verify your &quot;SMTP&quot; and &quot;smtp_port&quot; setting in php.ini or use ini_set() in E:\magento\magento2\htdocs\opencart23\tt_faribe\system\library\mail\mail.php on line 77
2017-11-22 7:32:37 - PHP Warning:  mail(): Failed to connect to mailserver at &quot;localhost&quot; port 25, verify your &quot;SMTP&quot; and &quot;smtp_port&quot; setting in php.ini or use ini_set() in E:\magento\magento2\htdocs\opencart23\tt_faribe\system\library\mail\mail.php on line 77
2017-11-30 1:21:17 - PHP Warning:  mysqli::__construct(): (HY000/2002): No connection could be made because the target machine actively refused it.
 in E:\magento\magento2\htdocs\opencart23\tt_belly\system\library\db\mysqli.php on line 7
2017-11-30 1:21:17 - PHP Warning:  DB\MySQLi::__construct(): Couldn't fetch mysqli in E:\magento\magento2\htdocs\opencart23\tt_belly\system\library\db\mysqli.php on line 10
2017-11-30 1:21:17 - PHP Warning:  DB\MySQLi::__construct(): Couldn't fetch mysqli in E:\magento\magento2\htdocs\opencart23\tt_belly\system\library\db\mysqli.php on line 10
2017-11-30 1:21:20 - PHP Warning:  mysqli::__construct(): (HY000/2002): No connection could be made because the target machine actively refused it.
 in E:\magento\magento2\htdocs\opencart23\tt_belly\system\library\db\mysqli.php on line 7
2017-11-30 1:21:20 - PHP Warning:  DB\MySQLi::__construct(): Couldn't fetch mysqli in E:\magento\magento2\htdocs\opencart23\tt_belly\system\library\db\mysqli.php on line 10
2017-11-30 1:21:20 - PHP Warning:  DB\MySQLi::__construct(): Couldn't fetch mysqli in E:\magento\magento2\htdocs\opencart23\tt_belly\system\library\db\mysqli.php on line 10
2017-11-30 1:21:22 - PHP Warning:  mysqli::__construct(): (HY000/2002): No connection could be made because the target machine actively refused it.
 in E:\magento\magento2\htdocs\opencart23\tt_belly\system\library\db\mysqli.php on line 7
2017-11-30 1:21:22 - PHP Warning:  DB\MySQLi::__construct(): Couldn't fetch mysqli in E:\magento\magento2\htdocs\opencart23\tt_belly\system\library\db\mysqli.php on line 10
2017-11-30 1:21:22 - PHP Warning:  DB\MySQLi::__construct(): Couldn't fetch mysqli in E:\magento\magento2\htdocs\opencart23\tt_belly\system\library\db\mysqli.php on line 10
2017-11-30 3:07:34 - PHP Notice:  Undefined index: sub_item_position2 in E:\magento\magento2\htdocs\opencart23\tt_belly\admin\controller\extension\module\ocmegamenu.php on line 499
2017-11-30 3:07:34 - PHP Warning:  Invalid argument supplied for foreach() in E:\magento\magento2\htdocs\opencart23\tt_belly\admin\controller\extension\module\ocmegamenu.php on line 501
2017-11-30 3:07:34 - PHP Notice:  Undefined index: sub_item_position3 in E:\magento\magento2\htdocs\opencart23\tt_belly\admin\controller\extension\module\ocmegamenu.php on line 505
2017-11-30 3:07:34 - PHP Warning:  Invalid argument supplied for foreach() in E:\magento\magento2\htdocs\opencart23\tt_belly\admin\controller\extension\module\ocmegamenu.php on line 507
2017-11-30 7:14:46 - PHP Notice:  Undefined index: sub_item_position2 in E:\magento\magento2\htdocs\opencart23\tt_belly\admin\controller\extension\module\ocmegamenu.php on line 543
2017-11-30 7:14:46 - PHP Warning:  Invalid argument supplied for foreach() in E:\magento\magento2\htdocs\opencart23\tt_belly\admin\controller\extension\module\ocmegamenu.php on line 545
2017-11-30 7:14:46 - PHP Notice:  Undefined index: sub_item_position3 in E:\magento\magento2\htdocs\opencart23\tt_belly\admin\controller\extension\module\ocmegamenu.php on line 549
2017-11-30 7:14:46 - PHP Warning:  Invalid argument supplied for foreach() in E:\magento\magento2\htdocs\opencart23\tt_belly\admin\controller\extension\module\ocmegamenu.php on line 551
2017-11-30 7:44:29 - PHP Notice:  Undefined index: sub_item_position2 in E:\magento\magento2\htdocs\opencart23\tt_belly\admin\controller\extension\module\ocmegamenu.php on line 543
2017-11-30 7:44:29 - PHP Warning:  Invalid argument supplied for foreach() in E:\magento\magento2\htdocs\opencart23\tt_belly\admin\controller\extension\module\ocmegamenu.php on line 545
2017-11-30 7:44:29 - PHP Notice:  Undefined index: sub_item_position3 in E:\magento\magento2\htdocs\opencart23\tt_belly\admin\controller\extension\module\ocmegamenu.php on line 549
2017-11-30 7:44:29 - PHP Warning:  Invalid argument supplied for foreach() in E:\magento\magento2\htdocs\opencart23\tt_belly\admin\controller\extension\module\ocmegamenu.php on line 551
2017-12-01 4:07:42 - PHP Notice:  Undefined index: sub_item_position2 in E:\magento\magento2\htdocs\opencart23\tt_belly\admin\controller\extension\module\ocmegamenu.php on line 543
2017-12-01 4:07:42 - PHP Warning:  Invalid argument supplied for foreach() in E:\magento\magento2\htdocs\opencart23\tt_belly\admin\controller\extension\module\ocmegamenu.php on line 545
2017-12-01 4:07:42 - PHP Notice:  Undefined index: sub_item_position3 in E:\magento\magento2\htdocs\opencart23\tt_belly\admin\controller\extension\module\ocmegamenu.php on line 549
2017-12-01 4:07:42 - PHP Warning:  Invalid argument supplied for foreach() in E:\magento\magento2\htdocs\opencart23\tt_belly\admin\controller\extension\module\ocmegamenu.php on line 551
2017-12-04 1:35:11 - PHP Warning:  mysqli::__construct(): (HY000/2002): No connection could be made because the target machine actively refused it.
 in E:\magento\magento2\htdocs\opencart23\tt_belly\system\library\db\mysqli.php on line 7
2017-12-04 1:35:11 - PHP Warning:  DB\MySQLi::__construct(): Couldn't fetch mysqli in E:\magento\magento2\htdocs\opencart23\tt_belly\system\library\db\mysqli.php on line 10
2017-12-04 1:35:11 - PHP Warning:  DB\MySQLi::__construct(): Couldn't fetch mysqli in E:\magento\magento2\htdocs\opencart23\tt_belly\system\library\db\mysqli.php on line 10
2017-12-04 1:35:26 - PHP Warning:  mysqli::__construct(): (HY000/2002): No connection could be made because the target machine actively refused it.
 in E:\magento\magento2\htdocs\opencart23\tt_belly\system\library\db\mysqli.php on line 7
2017-12-04 1:35:26 - PHP Warning:  DB\MySQLi::__construct(): Couldn't fetch mysqli in E:\magento\magento2\htdocs\opencart23\tt_belly\system\library\db\mysqli.php on line 10
2017-12-04 1:35:26 - PHP Warning:  DB\MySQLi::__construct(): Couldn't fetch mysqli in E:\magento\magento2\htdocs\opencart23\tt_belly\system\library\db\mysqli.php on line 10
2017-12-04 3:06:20 - PHP Notice:  Undefined index: sub_item_position2 in E:\magento\magento2\htdocs\opencart23\tt_belly\admin\controller\extension\module\ocmegamenu.php on line 543
2017-12-04 3:06:20 - PHP Warning:  Invalid argument supplied for foreach() in E:\magento\magento2\htdocs\opencart23\tt_belly\admin\controller\extension\module\ocmegamenu.php on line 545
2017-12-04 3:06:20 - PHP Notice:  Undefined index: sub_item_position3 in E:\magento\magento2\htdocs\opencart23\tt_belly\admin\controller\extension\module\ocmegamenu.php on line 549
2017-12-04 3:06:20 - PHP Warning:  Invalid argument supplied for foreach() in E:\magento\magento2\htdocs\opencart23\tt_belly\admin\controller\extension\module\ocmegamenu.php on line 551
2017-12-05 1:22:42 - PHP Warning:  mysqli::__construct(): (HY000/2002): No connection could be made because the target machine actively refused it.
 in E:\magento\magento2\htdocs\opencart23\tt_belly\system\library\db\mysqli.php on line 7
2017-12-05 1:22:42 - PHP Warning:  DB\MySQLi::__construct(): Couldn't fetch mysqli in E:\magento\magento2\htdocs\opencart23\tt_belly\system\library\db\mysqli.php on line 10
2017-12-05 1:22:42 - PHP Warning:  DB\MySQLi::__construct(): Couldn't fetch mysqli in E:\magento\magento2\htdocs\opencart23\tt_belly\system\library\db\mysqli.php on line 10
2017-12-08 1:29:31 - PHP Warning:  mysqli::__construct(): (HY000/2002): No connection could be made because the target machine actively refused it.
 in E:\magento\magento2\htdocs\opencart23\tt_belly\system\library\db\mysqli.php on line 7
2017-12-08 1:29:31 - PHP Warning:  DB\MySQLi::__construct(): Couldn't fetch mysqli in E:\magento\magento2\htdocs\opencart23\tt_belly\system\library\db\mysqli.php on line 10
2017-12-08 1:29:31 - PHP Warning:  DB\MySQLi::__construct(): Couldn't fetch mysqli in E:\magento\magento2\htdocs\opencart23\tt_belly\system\library\db\mysqli.php on line 10
2017-12-08 1:29:38 - PHP Warning:  mysqli::__construct(): (HY000/2002): No connection could be made because the target machine actively refused it.
 in E:\magento\magento2\htdocs\opencart23\tt_belly\system\library\db\mysqli.php on line 7
2017-12-08 1:29:38 - PHP Warning:  DB\MySQLi::__construct(): Couldn't fetch mysqli in E:\magento\magento2\htdocs\opencart23\tt_belly\system\library\db\mysqli.php on line 10
2017-12-08 1:29:38 - PHP Warning:  DB\MySQLi::__construct(): Couldn't fetch mysqli in E:\magento\magento2\htdocs\opencart23\tt_belly\system\library\db\mysqli.php on line 10
2017-12-08 1:29:46 - PHP Warning:  mysqli::__construct(): (HY000/2002): No connection could be made because the target machine actively refused it.
 in E:\magento\magento2\htdocs\opencart23\tt_belly\system\library\db\mysqli.php on line 7
2017-12-08 1:29:46 - PHP Warning:  DB\MySQLi::__construct(): Couldn't fetch mysqli in E:\magento\magento2\htdocs\opencart23\tt_belly\system\library\db\mysqli.php on line 10
2017-12-08 1:29:46 - PHP Warning:  DB\MySQLi::__construct(): Couldn't fetch mysqli in E:\magento\magento2\htdocs\opencart23\tt_belly\system\library\db\mysqli.php on line 10
2017-12-08 1:29:53 - PHP Warning:  mysqli::__construct(): (HY000/2002): No connection could be made because the target machine actively refused it.
 in E:\magento\magento2\htdocs\opencart23\tt_belly\system\library\db\mysqli.php on line 7
2017-12-08 1:29:53 - PHP Warning:  DB\MySQLi::__construct(): Couldn't fetch mysqli in E:\magento\magento2\htdocs\opencart23\tt_belly\system\library\db\mysqli.php on line 10
2017-12-08 1:29:53 - PHP Warning:  DB\MySQLi::__construct(): Couldn't fetch mysqli in E:\magento\magento2\htdocs\opencart23\tt_belly\system\library\db\mysqli.php on line 10
2017-12-09 2:48:03 - PHP Warning:  mysqli::__construct(): (HY000/2002): No connection could be made because the target machine actively refused it.
 in E:\magento\magento2\htdocs\opencart23\tt_belly\system\library\db\mysqli.php on line 7
2017-12-09 2:48:03 - PHP Warning:  DB\MySQLi::__construct(): Couldn't fetch mysqli in E:\magento\magento2\htdocs\opencart23\tt_belly\system\library\db\mysqli.php on line 10
2017-12-09 2:48:03 - PHP Warning:  DB\MySQLi::__construct(): Couldn't fetch mysqli in E:\magento\magento2\htdocs\opencart23\tt_belly\system\library\db\mysqli.php on line 10
2017-12-09 2:48:29 - PHP Warning:  mysqli::__construct(): (HY000/2002): No connection could be made because the target machine actively refused it.
 in E:\magento\magento2\htdocs\opencart23\tt_belly\system\library\db\mysqli.php on line 7
2017-12-09 2:48:29 - PHP Warning:  DB\MySQLi::__construct(): Couldn't fetch mysqli in E:\magento\magento2\htdocs\opencart23\tt_belly\system\library\db\mysqli.php on line 10
2017-12-09 2:48:29 - PHP Warning:  DB\MySQLi::__construct(): Couldn't fetch mysqli in E:\magento\magento2\htdocs\opencart23\tt_belly\system\library\db\mysqli.php on line 10
2017-12-11 1:34:34 - PHP Warning:  mysqli::__construct(): (HY000/2002): No connection could be made because the target machine actively refused it.
 in E:\magento\magento2\htdocs\opencart23\tt_belly\system\library\db\mysqli.php on line 7
2017-12-11 1:34:34 - PHP Warning:  DB\MySQLi::__construct(): Couldn't fetch mysqli in E:\magento\magento2\htdocs\opencart23\tt_belly\system\library\db\mysqli.php on line 10
2017-12-11 1:34:34 - PHP Warning:  DB\MySQLi::__construct(): Couldn't fetch mysqli in E:\magento\magento2\htdocs\opencart23\tt_belly\system\library\db\mysqli.php on line 10
2017-12-11 1:34:38 - PHP Warning:  mysqli::__construct(): (HY000/2002): No connection could be made because the target machine actively refused it.
 in E:\magento\magento2\htdocs\opencart23\tt_belly\system\library\db\mysqli.php on line 7
2017-12-11 1:34:38 - PHP Warning:  DB\MySQLi::__construct(): Couldn't fetch mysqli in E:\magento\magento2\htdocs\opencart23\tt_belly\system\library\db\mysqli.php on line 10
2017-12-11 1:34:38 - PHP Warning:  DB\MySQLi::__construct(): Couldn't fetch mysqli in E:\magento\magento2\htdocs\opencart23\tt_belly\system\library\db\mysqli.php on line 10
2017-12-11 10:18:33 - PHP Warning:  mail(): Failed to connect to mailserver at &quot;localhost&quot; port 25, verify your &quot;SMTP&quot; and &quot;smtp_port&quot; setting in php.ini or use ini_set() in E:\magento\magento2\htdocs\opencart23\tt_belly\system\library\mail\mail.php on line 77
2017-12-11 10:18:34 - PHP Warning:  mail(): Failed to connect to mailserver at &quot;localhost&quot; port 25, verify your &quot;SMTP&quot; and &quot;smtp_port&quot; setting in php.ini or use ini_set() in E:\magento\magento2\htdocs\opencart23\tt_belly\system\library\mail\mail.php on line 77
2017-12-12 4:23:25 - PHP Notice:  Undefined index: sub_item_position2 in E:\magento\magento2\htdocs\opencart23\tt_belly\admin\controller\extension\module\ocmegamenu.php on line 499
2017-12-12 4:23:25 - PHP Warning:  Invalid argument supplied for foreach() in E:\magento\magento2\htdocs\opencart23\tt_belly\admin\controller\extension\module\ocmegamenu.php on line 501
2017-12-12 4:23:25 - PHP Notice:  Undefined index: sub_item_position3 in E:\magento\magento2\htdocs\opencart23\tt_belly\admin\controller\extension\module\ocmegamenu.php on line 505
2017-12-12 4:23:25 - PHP Warning:  Invalid argument supplied for foreach() in E:\magento\magento2\htdocs\opencart23\tt_belly\admin\controller\extension\module\ocmegamenu.php on line 507
2017-12-14 3:26:38 - PHP Notice:  Undefined index: en-gb in E:\magento\magento2\htdocs\opencart23\tt_belly\catalog\controller\extension\module\ocproduct.php on line 424
2017-12-14 3:26:38 - PHP Notice:  Undefined index: en-gb in E:\magento\magento2\htdocs\opencart23\tt_belly\catalog\controller\extension\module\ocproduct.php on line 424
2017-12-14 3:27:45 - PHP Notice:  Undefined index: en-gb in E:\magento\magento2\htdocs\opencart23\tt_belly\catalog\controller\extension\module\ocproduct.php on line 423
2017-12-14 3:28:10 - PHP Notice:  Undefined index: en-gb in E:\magento\magento2\htdocs\opencart23\tt_belly\catalog\controller\extension\module\ocproduct.php on line 423
2017-12-14 3:28:40 - PHP Notice:  Undefined index: language_id in E:\magento\magento2\htdocs\opencart23\tt_belly\catalog\controller\extension\module\ocproduct.php on line 423
2017-12-14 3:28:40 - PHP Notice:  Undefined index: language_id in E:\magento\magento2\htdocs\opencart23\tt_belly\catalog\controller\extension\module\ocproduct.php on line 423
2017-12-14 3:29:41 - PHP Notice:  Undefined index: id_language in E:\magento\magento2\htdocs\opencart23\tt_belly\catalog\controller\extension\module\ocproduct.php on line 423
2017-12-14 3:29:42 - PHP Notice:  Undefined index: id_language in E:\magento\magento2\htdocs\opencart23\tt_belly\catalog\controller\extension\module\ocproduct.php on line 423
2017-12-15 2:36:27 - PHP Notice:  Undefined index: code in E:\magento\magento2\htdocs\opencart23\tt_belly\admin\model\design\layout.php on line 38
2017-12-15 3:03:13 - PHP Notice:  Undefined index: sub_item_position2 in E:\magento\magento2\htdocs\opencart23\tt_belly\admin\controller\extension\module\ocmegamenu.php on line 499
2017-12-15 3:03:13 - PHP Warning:  Invalid argument supplied for foreach() in E:\magento\magento2\htdocs\opencart23\tt_belly\admin\controller\extension\module\ocmegamenu.php on line 501
2017-12-15 3:03:13 - PHP Notice:  Undefined index: sub_item_position3 in E:\magento\magento2\htdocs\opencart23\tt_belly\admin\controller\extension\module\ocmegamenu.php on line 505
2017-12-15 3:03:13 - PHP Warning:  Invalid argument supplied for foreach() in E:\magento\magento2\htdocs\opencart23\tt_belly\admin\controller\extension\module\ocmegamenu.php on line 507
2017-12-15 3:33:06 - PHP Notice:  Undefined index: sub_item_position2 in E:\magento\magento2\htdocs\opencart23\tt_belly\admin\controller\extension\module\ocmegamenu.php on line 543
2017-12-15 3:33:06 - PHP Warning:  Invalid argument supplied for foreach() in E:\magento\magento2\htdocs\opencart23\tt_belly\admin\controller\extension\module\ocmegamenu.php on line 545
2017-12-15 3:33:06 - PHP Notice:  Undefined index: sub_item_position3 in E:\magento\magento2\htdocs\opencart23\tt_belly\admin\controller\extension\module\ocmegamenu.php on line 549
2017-12-15 3:33:06 - PHP Warning:  Invalid argument supplied for foreach() in E:\magento\magento2\htdocs\opencart23\tt_belly\admin\controller\extension\module\ocmegamenu.php on line 551
2017-12-15 4:12:21 - PHP Notice:  Undefined index: sub_item_position2 in E:\magento\magento2\htdocs\opencart23\tt_belly\admin\controller\extension\module\ocmegamenu.php on line 545
2017-12-15 4:12:21 - PHP Warning:  Invalid argument supplied for foreach() in E:\magento\magento2\htdocs\opencart23\tt_belly\admin\controller\extension\module\ocmegamenu.php on line 547
2017-12-15 4:12:21 - PHP Notice:  Undefined index: sub_item_position3 in E:\magento\magento2\htdocs\opencart23\tt_belly\admin\controller\extension\module\ocmegamenu.php on line 551
2017-12-15 4:12:21 - PHP Warning:  Invalid argument supplied for foreach() in E:\magento\magento2\htdocs\opencart23\tt_belly\admin\controller\extension\module\ocmegamenu.php on line 553
2017-12-16 1:31:29 - PHP Warning:  mysqli::__construct(): (HY000/2002): No connection could be made because the target machine actively refused it.
 in E:\magento\magento2\htdocs\opencart23\tt_belly\system\library\db\mysqli.php on line 7
2017-12-16 1:31:29 - PHP Warning:  DB\MySQLi::__construct(): Couldn't fetch mysqli in E:\magento\magento2\htdocs\opencart23\tt_belly\system\library\db\mysqli.php on line 10
2017-12-16 1:31:29 - PHP Warning:  DB\MySQLi::__construct(): Couldn't fetch mysqli in E:\magento\magento2\htdocs\opencart23\tt_belly\system\library\db\mysqli.php on line 10
2017-12-16 1:31:31 - PHP Warning:  mysqli::__construct(): (HY000/2002): No connection could be made because the target machine actively refused it.
 in E:\magento\magento2\htdocs\opencart23\tt_belly\system\library\db\mysqli.php on line 7
2017-12-16 1:31:31 - PHP Warning:  DB\MySQLi::__construct(): Couldn't fetch mysqli in E:\magento\magento2\htdocs\opencart23\tt_belly\system\library\db\mysqli.php on line 10
2017-12-16 1:31:31 - PHP Warning:  DB\MySQLi::__construct(): Couldn't fetch mysqli in E:\magento\magento2\htdocs\opencart23\tt_belly\system\library\db\mysqli.php on line 10
2017-12-18 8:55:06 - PHP Notice:  Undefined index: sub_item_position2 in E:\magento\magento2\htdocs\opencart23\tt_belly\admin\controller\extension\module\ocmegamenu.php on line 545
2017-12-18 8:55:06 - PHP Warning:  Invalid argument supplied for foreach() in E:\magento\magento2\htdocs\opencart23\tt_belly\admin\controller\extension\module\ocmegamenu.php on line 547
2017-12-18 8:55:06 - PHP Notice:  Undefined index: sub_item_position3 in E:\magento\magento2\htdocs\opencart23\tt_belly\admin\controller\extension\module\ocmegamenu.php on line 551
2017-12-18 8:55:06 - PHP Warning:  Invalid argument supplied for foreach() in E:\magento\magento2\htdocs\opencart23\tt_belly\admin\controller\extension\module\ocmegamenu.php on line 553
2017-12-18 8:57:53 - PHP Notice:  Undefined index: sub_item_position2 in E:\magento\magento2\htdocs\opencart23\tt_belly\admin\controller\extension\module\ocmegamenu.php on line 501
2017-12-18 8:57:53 - PHP Warning:  Invalid argument supplied for foreach() in E:\magento\magento2\htdocs\opencart23\tt_belly\admin\controller\extension\module\ocmegamenu.php on line 503
2017-12-18 8:57:53 - PHP Notice:  Undefined index: sub_item_position3 in E:\magento\magento2\htdocs\opencart23\tt_belly\admin\controller\extension\module\ocmegamenu.php on line 507
2017-12-18 8:57:53 - PHP Warning:  Invalid argument supplied for foreach() in E:\magento\magento2\htdocs\opencart23\tt_belly\admin\controller\extension\module\ocmegamenu.php on line 509
2017-12-19 2:24:07 - PHP Warning:  mail(): Failed to connect to mailserver at &quot;localhost&quot; port 25, verify your &quot;SMTP&quot; and &quot;smtp_port&quot; setting in php.ini or use ini_set() in E:\magento\magento2\htdocs\opencart23\tt_belly\system\library\mail\mail.php on line 77
2017-12-19 2:24:08 - PHP Warning:  mail(): Failed to connect to mailserver at &quot;localhost&quot; port 25, verify your &quot;SMTP&quot; and &quot;smtp_port&quot; setting in php.ini or use ini_set() in E:\magento\magento2\htdocs\opencart23\tt_belly\system\library\mail\mail.php on line 77
2017-12-19 8:21:06 - PHP Notice:  Undefined index: sub_item_position2 in E:\magento\magento2\htdocs\opencart23\tt_belly\admin\controller\extension\module\ocmegamenu.php on line 501
2017-12-19 8:21:06 - PHP Warning:  Invalid argument supplied for foreach() in E:\magento\magento2\htdocs\opencart23\tt_belly\admin\controller\extension\module\ocmegamenu.php on line 503
2017-12-19 8:21:06 - PHP Notice:  Undefined index: sub_item_position3 in E:\magento\magento2\htdocs\opencart23\tt_belly\admin\controller\extension\module\ocmegamenu.php on line 507
2017-12-19 8:21:06 - PHP Warning:  Invalid argument supplied for foreach() in E:\magento\magento2\htdocs\opencart23\tt_belly\admin\controller\extension\module\ocmegamenu.php on line 509
2017-12-19 8:23:12 - PHP Notice:  Undefined index: sub_item_position2 in E:\magento\magento2\htdocs\opencart23\tt_belly\admin\controller\extension\module\ocmegamenu.php on line 501
2017-12-19 8:23:12 - PHP Warning:  Invalid argument supplied for foreach() in E:\magento\magento2\htdocs\opencart23\tt_belly\admin\controller\extension\module\ocmegamenu.php on line 503
2017-12-19 8:23:12 - PHP Notice:  Undefined index: sub_item_position3 in E:\magento\magento2\htdocs\opencart23\tt_belly\admin\controller\extension\module\ocmegamenu.php on line 507
2017-12-19 8:23:12 - PHP Warning:  Invalid argument supplied for foreach() in E:\magento\magento2\htdocs\opencart23\tt_belly\admin\controller\extension\module\ocmegamenu.php on line 509
2017-12-21 4:10:29 - PHP Notice:  Undefined index: code in E:\magento\magento2\htdocs\opencart23\tt_belly\admin\model\design\layout.php on line 16
2017-12-22 10:15:38 - PHP Notice:  Undefined index: sub_item_position2 in E:\magento\magento2\htdocs\opencart23\tt_belly\admin\controller\extension\module\ocmegamenu.php on line 501
2017-12-22 10:15:38 - PHP Warning:  Invalid argument supplied for foreach() in E:\magento\magento2\htdocs\opencart23\tt_belly\admin\controller\extension\module\ocmegamenu.php on line 503
2017-12-22 10:15:38 - PHP Notice:  Undefined index: sub_item_position3 in E:\magento\magento2\htdocs\opencart23\tt_belly\admin\controller\extension\module\ocmegamenu.php on line 507
2017-12-22 10:15:38 - PHP Warning:  Invalid argument supplied for foreach() in E:\magento\magento2\htdocs\opencart23\tt_belly\admin\controller\extension\module\ocmegamenu.php on line 509
2017-12-22 10:20:16 - PHP Notice:  Undefined index: sub_item_position2 in E:\magento\magento2\htdocs\opencart23\tt_belly\admin\controller\extension\module\ocmegamenu.php on line 545
2017-12-22 10:20:16 - PHP Warning:  Invalid argument supplied for foreach() in E:\magento\magento2\htdocs\opencart23\tt_belly\admin\controller\extension\module\ocmegamenu.php on line 547
2017-12-22 10:20:16 - PHP Notice:  Undefined index: sub_item_position3 in E:\magento\magento2\htdocs\opencart23\tt_belly\admin\controller\extension\module\ocmegamenu.php on line 551
2017-12-22 10:20:16 - PHP Warning:  Invalid argument supplied for foreach() in E:\magento\magento2\htdocs\opencart23\tt_belly\admin\controller\extension\module\ocmegamenu.php on line 553
2017-12-23 2:28:58 - PHP Notice:  Undefined index: sub_item_position2 in E:\magento\magento2\htdocs\opencart23\tt_belly\admin\controller\extension\module\ocmegamenu.php on line 501
2017-12-23 2:28:58 - PHP Warning:  Invalid argument supplied for foreach() in E:\magento\magento2\htdocs\opencart23\tt_belly\admin\controller\extension\module\ocmegamenu.php on line 503
2017-12-23 2:28:58 - PHP Notice:  Undefined index: sub_item_position3 in E:\magento\magento2\htdocs\opencart23\tt_belly\admin\controller\extension\module\ocmegamenu.php on line 507
2017-12-23 2:28:58 - PHP Warning:  Invalid argument supplied for foreach() in E:\magento\magento2\htdocs\opencart23\tt_belly\admin\controller\extension\module\ocmegamenu.php on line 509
2017-12-25 6:40:08 - PHP Warning:  mysqli::__construct(): (HY000/2002): No connection could be made because the target machine actively refused it.
 in E:\magento\magento2\htdocs\opencart23\tt_belly\system\library\db\mysqli.php on line 7
2017-12-25 6:40:08 - PHP Warning:  DB\MySQLi::__construct(): Couldn't fetch mysqli in E:\magento\magento2\htdocs\opencart23\tt_belly\system\library\db\mysqli.php on line 10
2017-12-25 6:40:08 - PHP Warning:  DB\MySQLi::__construct(): Couldn't fetch mysqli in E:\magento\magento2\htdocs\opencart23\tt_belly\system\library\db\mysqli.php on line 10
2017-12-25 6:40:08 - PHP Warning:  mysqli::__construct(): (HY000/2002): No connection could be made because the target machine actively refused it.
 in E:\magento\magento2\htdocs\opencart23\tt_belly\system\library\db\mysqli.php on line 7
2017-12-25 6:40:08 - PHP Warning:  DB\MySQLi::__construct(): Couldn't fetch mysqli in E:\magento\magento2\htdocs\opencart23\tt_belly\system\library\db\mysqli.php on line 10
2017-12-25 6:40:08 - PHP Warning:  DB\MySQLi::__construct(): Couldn't fetch mysqli in E:\magento\magento2\htdocs\opencart23\tt_belly\system\library\db\mysqli.php on line 10
2017-12-28 1:42:26 - PHP Warning:  mysqli::__construct(): (HY000/2002): No connection could be made because the target machine actively refused it.
 in E:\magento\magento2\htdocs\opencart23\tt_belly\system\library\db\mysqli.php on line 7
2017-12-28 1:42:26 - PHP Warning:  DB\MySQLi::__construct(): Couldn't fetch mysqli in E:\magento\magento2\htdocs\opencart23\tt_belly\system\library\db\mysqli.php on line 10
2017-12-28 1:42:26 - PHP Warning:  DB\MySQLi::__construct(): Couldn't fetch mysqli in E:\magento\magento2\htdocs\opencart23\tt_belly\system\library\db\mysqli.php on line 10
2018-01-02 1:33:43 - PHP Warning:  mysqli::__construct(): (HY000/2002): No connection could be made because the target machine actively refused it.
 in E:\magento\magento2\htdocs\opencart23\tt_belly\system\library\db\mysqli.php on line 7
2018-01-02 1:33:43 - PHP Warning:  DB\MySQLi::__construct(): Couldn't fetch mysqli in E:\magento\magento2\htdocs\opencart23\tt_belly\system\library\db\mysqli.php on line 10
2018-01-02 1:33:43 - PHP Warning:  DB\MySQLi::__construct(): Couldn't fetch mysqli in E:\magento\magento2\htdocs\opencart23\tt_belly\system\library\db\mysqli.php on line 10
2018-01-02 1:33:44 - PHP Warning:  mysqli::__construct(): (HY000/2002): No connection could be made because the target machine actively refused it.
 in E:\magento\magento2\htdocs\opencart23\tt_belly\system\library\db\mysqli.php on line 7
2018-01-02 1:33:44 - PHP Warning:  DB\MySQLi::__construct(): Couldn't fetch mysqli in E:\magento\magento2\htdocs\opencart23\tt_belly\system\library\db\mysqli.php on line 10
2018-01-02 1:33:44 - PHP Warning:  DB\MySQLi::__construct(): Couldn't fetch mysqli in E:\magento\magento2\htdocs\opencart23\tt_belly\system\library\db\mysqli.php on line 10
2018-01-02 1:33:50 - PHP Warning:  mysqli::__construct(): (HY000/2002): No connection could be made because the target machine actively refused it.
 in E:\magento\magento2\htdocs\opencart23\tt_belly\system\library\db\mysqli.php on line 7
2018-01-02 1:33:50 - PHP Warning:  DB\MySQLi::__construct(): Couldn't fetch mysqli in E:\magento\magento2\htdocs\opencart23\tt_belly\system\library\db\mysqli.php on line 10
2018-01-02 1:33:50 - PHP Warning:  DB\MySQLi::__construct(): Couldn't fetch mysqli in E:\magento\magento2\htdocs\opencart23\tt_belly\system\library\db\mysqli.php on line 10
2018-01-02 1:33:54 - PHP Warning:  mysqli::__construct(): (HY000/2002): No connection could be made because the target machine actively refused it.
 in E:\magento\magento2\htdocs\opencart23\tt_belly\system\library\db\mysqli.php on line 7
2018-01-02 1:33:54 - PHP Warning:  DB\MySQLi::__construct(): Couldn't fetch mysqli in E:\magento\magento2\htdocs\opencart23\tt_belly\system\library\db\mysqli.php on line 10
2018-01-02 1:33:54 - PHP Warning:  DB\MySQLi::__construct(): Couldn't fetch mysqli in E:\magento\magento2\htdocs\opencart23\tt_belly\system\library\db\mysqli.php on line 10
